Fitting 60 folds for each of 10 candidates, totalling 600 fits
Best params:  {'n_estimators': 319, 'min_samples_split': 2, 'min_samples_leaf': 2, 'max_features': 'auto', 'max_depth': 80, 'bootstrap': False}
total training time:  69.32926300
total testing time:  0.03728000
[CV 6/60] END bootstrap=True, max_depth=40, max_features=auto, min_samples_leaf=1, min_samples_split=5, n_estimators=855; total time=   3.3s
[CV 4/60] END bootstrap=False, max_depth=80, max_features=auto, min_samples_leaf=4, min_samples_split=10, n_estimators=855; total time=   3.0s
[CV 38/60] END bootstrap=False, max_depth=80, max_features=auto, min_samples_leaf=4, min_samples_split=10, n_estimators=855; total time=   3.0s
[CV 9/60] END bootstrap=False, max_depth=80, max_features=auto, min_samples_leaf=2, min_samples_split=2, n_estimators=319; total time=   1.3s
[CV 32/60] END bootstrap=False, max_depth=80, max_features=auto, min_samples_leaf=2, min_samples_split=2, n_estimators=319; total time=   1.3s
[CV 58/60] END bootstrap=False, max_depth=80, max_features=auto, min_samples_leaf=2, min_samples_split=2, n_estimators=319; total time=   1.4s
[CV 3/60] END bootstrap=False, max_depth=20, max_features=auto, min_samples_leaf=4, min_samples_split=10, n_estimators=932; total time=   4.1s
[CV 46/60] END bootstrap=False, max_depth=20, max_features=auto, min_samples_leaf=4, min_samples_split=10, n_estimators=932; total time=   6.8s
[CV 18/60] END bootstrap=False, max_depth=100, max_features=auto, min_samples_leaf=1, min_samples_split=10, n_estimators=243; total time=   1.9s
[CV 56/60] END bootstrap=False, max_depth=100, max_features=auto, min_samples_leaf=1, min_samples_split=10, n_estimators=243; total time=   1.9s
[CV 34/60] END bootstrap=False, max_depth=None, max_features=auto, min_samples_leaf=1, min_samples_split=5, n_estimators=1046; total time=   9.2s
[CV 12/60] END bootstrap=True, max_depth=20, max_features=auto, min_samples_leaf=4, min_samples_split=2, n_estimators=702; total time=   4.6s
[CV 25/60] END bootstrap=True, max_depth=20, max_features=auto, min_samples_leaf=4, min_samples_split=2, n_estimators=702; total time=   3.5s
[CV 47/60] END bootstrap=True, max_depth=20, max_features=auto, min_samples_leaf=4, min_samples_split=2, n_estimators=702; total time=   4.4s
[CV 22/60] END bootstrap=False, max_depth=80, max_features=auto, min_samples_leaf=4, min_samples_split=2, n_estimators=1008; total time=   7.7s
[CV 12/60] END bootstrap=True, max_depth=40, max_features=auto, min_samples_leaf=1, min_samples_split=5, n_estimators=855; total time=   3.0s
[CV 42/60] END bootstrap=True, max_depth=40, max_features=auto, min_samples_leaf=1, min_samples_split=5, n_estimators=855; total time=   3.0s
[CV 19/60] END bootstrap=False, max_depth=80, max_features=auto, min_samples_leaf=4, min_samples_split=10, n_estimators=855; total time=   3.4s
[CV 10/60] END bootstrap=False, max_depth=80, max_features=auto, min_samples_leaf=2, min_samples_split=2, n_estimators=319; total time=   1.3s
[CV 31/60] END bootstrap=False, max_depth=80, max_features=auto, min_samples_leaf=2, min_samples_split=2, n_estimators=319; total time=   1.4s
[CV 3/60] END bootstrap=False, max_depth=80, max_features=auto, min_samples_leaf=1, min_samples_split=10, n_estimators=128; total time=   0.5s
[CV 19/60] END bootstrap=False, max_depth=80, max_features=auto, min_samples_leaf=1, min_samples_split=10, n_estimators=128; total time=   0.5s
[CV 42/60] END bootstrap=False, max_depth=80, max_features=auto, min_samples_leaf=1, min_samples_split=10, n_estimators=128; total time=   0.4s
[CV 15/60] END bootstrap=False, max_depth=20, max_features=auto, min_samples_leaf=4, min_samples_split=10, n_estimators=932; total time=   5.2s
[CV 6/60] END bootstrap=True, max_depth=None, max_features=auto, min_samples_leaf=2, min_samples_split=5, n_estimators=166; total time=   1.2s
[CV 18/60] END bootstrap=True, max_depth=None, max_features=auto, min_samples_leaf=2, min_samples_split=5, n_estimators=166; total time=   1.1s
[CV 29/60] END bootstrap=True, max_depth=None, max_features=auto, min_samples_leaf=2, min_samples_split=5, n_estimators=166; total time=   1.1s
[CV 40/60] END bootstrap=True, max_depth=None, max_features=auto, min_samples_leaf=2, min_samples_split=5, n_estimators=166; total time=   1.1s
[CV 56/60] END bootstrap=True, max_depth=None, max_features=auto, min_samples_leaf=2, min_samples_split=5, n_estimators=166; total time=   1.1s
[CV 19/60] END bootstrap=False, max_depth=100, max_features=auto, min_samples_leaf=1, min_samples_split=10, n_estimators=243; total time=   1.7s
[CV 53/60] END bootstrap=False, max_depth=100, max_features=auto, min_samples_leaf=1, min_samples_split=10, n_estimators=243; total time=   1.8s
[CV 30/60] END bootstrap=False, max_depth=None, max_features=auto, min_samples_leaf=1, min_samples_split=5, n_estimators=1046; total time=   8.8s
[CV 60/60] END bootstrap=False, max_depth=None, max_features=auto, min_samples_leaf=1, min_samples_split=5, n_estimators=1046; total time=   8.6s
[CV 44/60] END bootstrap=True, max_depth=20, max_features=auto, min_samples_leaf=4, min_samples_split=2, n_estimators=702; total time=   5.0s
[CV 28/60] END bootstrap=False, max_depth=80, max_features=auto, min_samples_leaf=4, min_samples_split=2, n_estimators=1008; total time=   7.3s
[CV 27/60] END bootstrap=True, max_depth=40, max_features=auto, min_samples_leaf=1, min_samples_split=5, n_estimators=855; total time=   3.0s
[CV 39/60] END bootstrap=True, max_depth=40, max_features=auto, min_samples_leaf=1, min_samples_split=5, n_estimators=855; total time=   2.9s
[CV 14/60] END bootstrap=False, max_depth=80, max_features=auto, min_samples_leaf=4, min_samples_split=10, n_estimators=855; total time=   3.0s
[CV 51/60] END bootstrap=False, max_depth=80, max_features=auto, min_samples_leaf=4, min_samples_split=10, n_estimators=855; total time=   3.0s
[CV 53/60] END bootstrap=False, max_depth=80, max_features=auto, min_samples_leaf=2, min_samples_split=2, n_estimators=319; total time=   1.4s
[CV 54/60] END bootstrap=False, max_depth=80, max_features=auto, min_samples_leaf=1, min_samples_split=10, n_estimators=128; total time=   0.5s
[CV 28/60] END bootstrap=False, max_depth=20, max_features=auto, min_samples_leaf=4, min_samples_split=10, n_estimators=932; total time=   4.3s
[CV 55/60] END bootstrap=False, max_depth=20, max_features=auto, min_samples_leaf=4, min_samples_split=10, n_estimators=932; total time=   6.1s
[CV 11/60] END bootstrap=False, max_depth=100, max_features=auto, min_samples_leaf=1, min_samples_split=10, n_estimators=243; total time=   1.2s
[CV 36/60] END bootstrap=False, max_depth=100, max_features=auto, min_samples_leaf=1, min_samples_split=10, n_estimators=243; total time=   1.7s
[CV 10/60] END bootstrap=False, max_depth=None, max_features=auto, min_samples_leaf=1, min_samples_split=5, n_estimators=1046; total time=   8.8s
[CV 47/60] END bootstrap=False, max_depth=None, max_features=auto, min_samples_leaf=1, min_samples_split=5, n_estimators=1046; total time=  10.3s
[CV 55/60] END bootstrap=True, max_depth=20, max_features=auto, min_samples_leaf=4, min_samples_split=2, n_estimators=702; total time=   4.5s
[CV 32/60] END bootstrap=False, max_depth=80, max_features=auto, min_samples_leaf=4, min_samples_split=2, n_estimators=1008; total time=   7.3s
[CV 7/60] END bootstrap=True, max_depth=40, max_features=auto, min_samples_leaf=1, min_samples_split=5, n_estimators=855; total time=   3.0s
[CV 57/60] END bootstrap=True, max_depth=40, max_features=auto, min_samples_leaf=1, min_samples_split=5, n_estimators=855; total time=   3.0s
[CV 23/60] END bootstrap=False, max_depth=80, max_features=auto, min_samples_leaf=4, min_samples_split=10, n_estimators=855; total time=   3.2s
[CV 7/60] END bootstrap=False, max_depth=80, max_features=auto, min_samples_leaf=2, min_samples_split=2, n_estimators=319; total time=   1.4s
[CV 30/60] END bootstrap=False, max_depth=80, max_features=auto, min_samples_leaf=2, min_samples_split=2, n_estimators=319; total time=   1.3s
[CV 57/60] END bootstrap=False, max_depth=80, max_features=auto, min_samples_leaf=2, min_samples_split=2, n_estimators=319; total time=   1.4s
[CV 1/60] END bootstrap=False, max_depth=20, max_features=auto, min_samples_leaf=4, min_samples_split=10, n_estimators=932; total time=   3.9s
[CV 40/60] END bootstrap=False, max_depth=20, max_features=auto, min_samples_leaf=4, min_samples_split=10, n_estimators=932; total time=   5.6s
[CV 49/60] END bootstrap=True, max_depth=None, max_features=auto, min_samples_leaf=2, min_samples_split=5, n_estimators=166; total time=   1.1s
[CV 9/60] END bootstrap=False, max_depth=100, max_features=auto, min_samples_leaf=1, min_samples_split=10, n_estimators=243; total time=   1.7s
[CV 44/60] END bootstrap=False, max_depth=100, max_features=auto, min_samples_leaf=1, min_samples_split=10, n_estimators=243; total time=   1.8s
[CV 19/60] END bootstrap=False, max_depth=None, max_features=auto, min_samples_leaf=1, min_samples_split=5, n_estimators=1046; total time=   8.9s
[CV 57/60] END bootstrap=False, max_depth=None, max_features=auto, min_samples_leaf=1, min_samples_split=5, n_estimators=1046; total time=   9.6s
[CV 54/60] END bootstrap=True, max_depth=20, max_features=auto, min_samples_leaf=4, min_samples_split=2, n_estimators=702; total time=   4.5s
[CV 30/60] END bootstrap=False, max_depth=80, max_features=auto, min_samples_leaf=4, min_samples_split=2, n_estimators=1008; total time=   7.5s
[CV 10/60] END bootstrap=True, max_depth=40, max_features=auto, min_samples_leaf=1, min_samples_split=5, n_estimators=855; total time=   3.0s
[CV 47/60] END bootstrap=True, max_depth=40, max_features=auto, min_samples_leaf=1, min_samples_split=5, n_estimators=855; total time=   3.1s
[CV 24/60] END bootstrap=False, max_depth=80, max_features=auto, min_samples_leaf=4, min_samples_split=10, n_estimators=855; total time=   3.0s
[CV 59/60] END bootstrap=False, max_depth=80, max_features=auto, min_samples_leaf=4, min_samples_split=10, n_estimators=855; total time=   2.9s
[CV 2/60] END bootstrap=False, max_depth=80, max_features=auto, min_samples_leaf=1, min_samples_split=10, n_estimators=128; total time=   0.6s
[CV 26/60] END bootstrap=False, max_depth=80, max_features=auto, min_samples_leaf=1, min_samples_split=10, n_estimators=128; total time=   0.5s
[CV 50/60] END bootstrap=False, max_depth=80, max_features=auto, min_samples_leaf=1, min_samples_split=10, n_estimators=128; total time=   0.7s
[CV 34/60] END bootstrap=False, max_depth=20, max_features=auto, min_samples_leaf=4, min_samples_split=10, n_estimators=932; total time=   4.9s
[CV 8/60] END bootstrap=True, max_depth=None, max_features=auto, min_samples_leaf=2, min_samples_split=5, n_estimators=166; total time=   1.1s
[CV 20/60] END bootstrap=True, max_depth=None, max_features=auto, min_samples_leaf=2, min_samples_split=5, n_estimators=166; total time=   1.4s
[CV 33/60] END bootstrap=True, max_depth=None, max_features=auto, min_samples_leaf=2, min_samples_split=5, n_estimators=166; total time=   1.2s
[CV 46/60] END bootstrap=True, max_depth=None, max_features=auto, min_samples_leaf=2, min_samples_split=5, n_estimators=166; total time=   1.6s
[CV 14/60] END bootstrap=False, max_depth=100, max_features=auto, min_samples_leaf=1, min_samples_split=10, n_estimators=243; total time=   1.9s
[CV 54/60] END bootstrap=False, max_depth=100, max_features=auto, min_samples_leaf=1, min_samples_split=10, n_estimators=243; total time=   1.7s
[CV 29/60] END bootstrap=False, max_depth=None, max_features=auto, min_samples_leaf=1, min_samples_split=5, n_estimators=1046; total time=   9.0s
[CV 2/60] END bootstrap=True, max_depth=20, max_features=auto, min_samples_leaf=4, min_samples_split=2, n_estimators=702; total time=   4.4s
[CV 17/60] END bootstrap=True, max_depth=20, max_features=auto, min_samples_leaf=4, min_samples_split=2, n_estimators=702; total time=   4.6s
[CV 52/60] END bootstrap=True, max_depth=20, max_features=auto, min_samples_leaf=4, min_samples_split=2, n_estimators=702; total time=   4.5s
[CV 27/60] END bootstrap=False, max_depth=80, max_features=auto, min_samples_leaf=4, min_samples_split=2, n_estimators=1008; total time=   7.7s
[CV 34/60] END bootstrap=True, max_depth=40, max_features=auto, min_samples_leaf=1, min_samples_split=5, n_estimators=855; total time=   3.0s
[CV 45/60] END bootstrap=True, max_depth=40, max_features=auto, min_samples_leaf=1, min_samples_split=5, n_estimators=855; total time=   2.9s
[CV 17/60] END bootstrap=False, max_depth=80, max_features=auto, min_samples_leaf=4, min_samples_split=10, n_estimators=855; total time=   3.2s
[CV 57/60] END bootstrap=False, max_depth=80, max_features=auto, min_samples_leaf=4, min_samples_split=10, n_estimators=855; total time=   3.0s
[CV 5/60] END bootstrap=False, max_depth=80, max_features=auto, min_samples_leaf=1, min_samples_split=10, n_estimators=128; total time=   0.5s
[CV 22/60] END bootstrap=False, max_depth=80, max_features=auto, min_samples_leaf=1, min_samples_split=10, n_estimators=128; total time=   0.5s
[CV 45/60] END bootstrap=False, max_depth=80, max_features=auto, min_samples_leaf=1, min_samples_split=10, n_estimators=128; total time=   0.4s
[CV 19/60] END bootstrap=False, max_depth=20, max_features=auto, min_samples_leaf=4, min_samples_split=10, n_estimators=932; total time=   4.3s
[CV 50/60] END bootstrap=False, max_depth=20, max_features=auto, min_samples_leaf=4, min_samples_split=10, n_estimators=932; total time=   6.4s
[CV 15/60] END bootstrap=False, max_depth=100, max_features=auto, min_samples_leaf=1, min_samples_split=10, n_estimators=243; total time=   1.7s
[CV 49/60] END bootstrap=False, max_depth=100, max_features=auto, min_samples_leaf=1, min_samples_split=10, n_estimators=243; total time=   1.7s
[CV 21/60] END bootstrap=False, max_depth=None, max_features=auto, min_samples_leaf=1, min_samples_split=5, n_estimators=1046; total time=   8.9s
[CV 59/60] END bootstrap=False, max_depth=None, max_features=auto, min_samples_leaf=1, min_samples_split=5, n_estimators=1046; total time=   9.1s
[CV 49/60] END bootstrap=True, max_depth=20, max_features=auto, min_samples_leaf=4, min_samples_split=2, n_estimators=702; total time=   4.6s
[CV 26/60] END bootstrap=False, max_depth=80, max_features=auto, min_samples_leaf=4, min_samples_split=2, n_estimators=1008; total time=   7.8s
[CV 9/60] END bootstrap=True, max_depth=40, max_features=auto, min_samples_leaf=1, min_samples_split=5, n_estimators=855; total time=   3.0s
[CV 55/60] END bootstrap=True, max_depth=40, max_features=auto, min_samples_leaf=1, min_samples_split=5, n_estimators=855; total time=   3.2s
[CV 35/60] END bootstrap=False, max_depth=80, max_features=auto, min_samples_leaf=4, min_samples_split=10, n_estimators=855; total time=   3.0s
[CV 8/60] END bootstrap=False, max_depth=80, max_features=auto, min_samples_leaf=2, min_samples_split=2, n_estimators=319; total time=   1.3s
[CV 29/60] END bootstrap=False, max_depth=80, max_features=auto, min_samples_leaf=2, min_samples_split=2, n_estimators=319; total time=   1.3s
[CV 55/60] END bootstrap=False, max_depth=80, max_features=auto, min_samples_leaf=2, min_samples_split=2, n_estimators=319; total time=   1.4s
[CV 60/60] END bootstrap=False, max_depth=80, max_features=auto, min_samples_leaf=1, min_samples_split=10, n_estimators=128; total time=   0.6s
[CV 35/60] END bootstrap=False, max_depth=20, max_features=auto, min_samples_leaf=4, min_samples_split=10, n_estimators=932; total time=   4.2s
[CV 57/60] END bootstrap=False, max_depth=20, max_features=auto, min_samples_leaf=4, min_samples_split=10, n_estimators=932; total time=   7.1s
[CV 34/60] END bootstrap=False, max_depth=100, max_features=auto, min_samples_leaf=1, min_samples_split=10, n_estimators=243; total time=   2.2s
[CV 16/60] END bootstrap=False, max_depth=None, max_features=auto, min_samples_leaf=1, min_samples_split=5, n_estimators=1046; total time=   9.7s
[CV 9/60] END bootstrap=True, max_depth=20, max_features=auto, min_samples_leaf=4, min_samples_split=2, n_estimators=702; total time=   4.5s
[CV 19/60] END bootstrap=True, max_depth=20, max_features=auto, min_samples_leaf=4, min_samples_split=2, n_estimators=702; total time=   4.4s
[CV 53/60] END bootstrap=True, max_depth=20, max_features=auto, min_samples_leaf=4, min_samples_split=2, n_estimators=702; total time=   4.5s
[CV 29/60] END bootstrap=False, max_depth=80, max_features=auto, min_samples_leaf=4, min_samples_split=2, n_estimators=1008; total time=   7.7s
[CV 19/60] END bootstrap=True, max_depth=40, max_features=auto, min_samples_leaf=1, min_samples_split=5, n_estimators=855; total time=   3.2s
[CV 12/60] END bootstrap=False, max_depth=80, max_features=auto, min_samples_leaf=4, min_samples_split=10, n_estimators=855; total time=   3.1s
[CV 48/60] END bootstrap=False, max_depth=80, max_features=auto, min_samples_leaf=4, min_samples_split=10, n_estimators=855; total time=   3.1s
[CV 24/60] END bootstrap=False, max_depth=80, max_features=auto, min_samples_leaf=2, min_samples_split=2, n_estimators=319; total time=   1.5s
[CV 48/60] END bootstrap=False, max_depth=80, max_features=auto, min_samples_leaf=2, min_samples_split=2, n_estimators=319; total time=   1.4s
[CV 39/60] END bootstrap=False, max_depth=80, max_features=auto, min_samples_leaf=1, min_samples_split=10, n_estimators=128; total time=   0.5s
[CV 17/60] END bootstrap=False, max_depth=20, max_features=auto, min_samples_leaf=4, min_samples_split=10, n_estimators=932; total time=   4.9s
[CV 1/60] END bootstrap=True, max_depth=None, max_features=auto, min_samples_leaf=2, min_samples_split=5, n_estimators=166; total time=   1.6s
[CV 21/60] END bootstrap=True, max_depth=None, max_features=auto, min_samples_leaf=2, min_samples_split=5, n_estimators=166; total time=   1.5s
[CV 34/60] END bootstrap=True, max_depth=None, max_features=auto, min_samples_leaf=2, min_samples_split=5, n_estimators=166; total time=   1.4s
[CV 51/60] END bootstrap=True, max_depth=None, max_features=auto, min_samples_leaf=2, min_samples_split=5, n_estimators=166; total time=   1.2s
[CV 12/60] END bootstrap=False, max_depth=100, max_features=auto, min_samples_leaf=1, min_samples_split=10, n_estimators=243; total time=   1.9s
[CV 52/60] END bootstrap=False, max_depth=100, max_features=auto, min_samples_leaf=1, min_samples_split=10, n_estimators=243; total time=   1.9s
[CV 31/60] END bootstrap=False, max_depth=None, max_features=auto, min_samples_leaf=1, min_samples_split=5, n_estimators=1046; total time=   8.9s
[CV 5/60] END bootstrap=True, max_depth=20, max_features=auto, min_samples_leaf=4, min_samples_split=2, n_estimators=702; total time=   4.9s
[CV 21/60] END bootstrap=True, max_depth=20, max_features=auto, min_samples_leaf=4, min_samples_split=2, n_estimators=702; total time=   4.5s
[CV 58/60] END bootstrap=True, max_depth=20, max_features=auto, min_samples_leaf=4, min_samples_split=2, n_estimators=702; total time=   4.4s
[CV 33/60] END bootstrap=False, max_depth=80, max_features=auto, min_samples_leaf=4, min_samples_split=2, n_estimators=1008; total time=   7.4s
[CV 15/60] END bootstrap=True, max_depth=40, max_features=auto, min_samples_leaf=1, min_samples_split=5, n_estimators=855; total time=   3.0s
[CV 58/60] END bootstrap=True, max_depth=40, max_features=auto, min_samples_leaf=1, min_samples_split=5, n_estimators=855; total time=   3.2s
[CV 36/60] END bootstrap=False, max_depth=80, max_features=auto, min_samples_leaf=4, min_samples_split=10, n_estimators=855; total time=   2.9s
[CV 4/60] END bootstrap=False, max_depth=80, max_features=auto, min_samples_leaf=2, min_samples_split=2, n_estimators=319; total time=   1.3s
[CV 27/60] END bootstrap=False, max_depth=80, max_features=auto, min_samples_leaf=2, min_samples_split=2, n_estimators=319; total time=   1.3s
[CV 52/60] END bootstrap=False, max_depth=80, max_features=auto, min_samples_leaf=2, min_samples_split=2, n_estimators=319; total time=   1.4s
[CV 52/60] END bootstrap=False, max_depth=80, max_features=auto, min_samples_leaf=1, min_samples_split=10, n_estimators=128; total time=   0.5s
[CV 26/60] END bootstrap=False, max_depth=20, max_features=auto, min_samples_leaf=4, min_samples_split=10, n_estimators=932; total time=   4.4s
[CV 56/60] END bootstrap=False, max_depth=20, max_features=auto, min_samples_leaf=4, min_samples_split=10, n_estimators=932; total time=   6.5s
[CV 24/60] END bootstrap=False, max_depth=100, max_features=auto, min_samples_leaf=1, min_samples_split=10, n_estimators=243; total time=   1.7s
[CV 58/60] END bootstrap=False, max_depth=100, max_features=auto, min_samples_leaf=1, min_samples_split=10, n_estimators=243; total time=   1.8s
[CV 33/60] END bootstrap=False, max_depth=None, max_features=auto, min_samples_leaf=1, min_samples_split=5, n_estimators=1046; total time=   8.9s
[CV 6/60] END bootstrap=True, max_depth=20, max_features=auto, min_samples_leaf=4, min_samples_split=2, n_estimators=702; total time=   4.0s
[CV 14/60] END bootstrap=True, max_depth=20, max_features=auto, min_samples_leaf=4, min_samples_split=2, n_estimators=702; total time=   4.7s
[CV 51/60] END bootstrap=True, max_depth=20, max_features=auto, min_samples_leaf=4, min_samples_split=2, n_estimators=702; total time=   4.8s
[CV 31/60] END bootstrap=False, max_depth=80, max_features=auto, min_samples_leaf=4, min_samples_split=2, n_estimators=1008; total time=   7.8s
[CV 11/60] END bootstrap=True, max_depth=40, max_features=auto, min_samples_leaf=1, min_samples_split=5, n_estimators=855; total time=   3.2s
[CV 2/60] END bootstrap=False, max_depth=80, max_features=auto, min_samples_leaf=4, min_samples_split=10, n_estimators=855; total time=   3.0s
[CV 30/60] END bootstrap=False, max_depth=80, max_features=auto, min_samples_leaf=4, min_samples_split=10, n_estimators=855; total time=   3.5s
[CV 16/60] END bootstrap=False, max_depth=80, max_features=auto, min_samples_leaf=2, min_samples_split=2, n_estimators=319; total time=   1.6s
[CV 45/60] END bootstrap=False, max_depth=80, max_features=auto, min_samples_leaf=2, min_samples_split=2, n_estimators=319; total time=   1.8s
[CV 43/60] END bootstrap=False, max_depth=80, max_features=auto, min_samples_leaf=1, min_samples_split=10, n_estimators=128; total time=   0.4s
[CV 16/60] END bootstrap=False, max_depth=20, max_features=auto, min_samples_leaf=4, min_samples_split=10, n_estimators=932; total time=   4.4s
[CV 54/60] END bootstrap=False, max_depth=20, max_features=auto, min_samples_leaf=4, min_samples_split=10, n_estimators=932; total time=   5.7s
[CV 3/60] END bootstrap=False, max_depth=100, max_features=auto, min_samples_leaf=1, min_samples_split=10, n_estimators=243; total time=   1.7s
[CV 37/60] END bootstrap=False, max_depth=100, max_features=auto, min_samples_leaf=1, min_samples_split=10, n_estimators=243; total time=   1.2s
[CV 3/60] END bootstrap=False, max_depth=None, max_features=auto, min_samples_leaf=1, min_samples_split=5, n_estimators=1046; total time=   6.6s
[CV 37/60] END bootstrap=False, max_depth=None, max_features=auto, min_samples_leaf=1, min_samples_split=5, n_estimators=1046; total time=   8.8s
[CV 24/60] END bootstrap=True, max_depth=20, max_features=auto, min_samples_leaf=4, min_samples_split=2, n_estimators=702; total time=   4.2s
[CV 56/60] END bootstrap=True, max_depth=20, max_features=auto, min_samples_leaf=4, min_samples_split=2, n_estimators=702; total time=   4.6s
[CV 34/60] END bootstrap=False, max_depth=80, max_features=auto, min_samples_leaf=4, min_samples_split=2, n_estimators=1008; total time=   7.7s
[CV 26/60] END bootstrap=True, max_depth=40, max_features=auto, min_samples_leaf=1, min_samples_split=5, n_estimators=855; total time=   3.1s
[CV 60/60] END bootstrap=True, max_depth=40, max_features=auto, min_samples_leaf=1, min_samples_split=5, n_estimators=855; total time=   3.0s
[CV 22/60] END bootstrap=False, max_depth=80, max_features=auto, min_samples_leaf=4, min_samples_split=10, n_estimators=855; total time=   2.9s
[CV 55/60] END bootstrap=False, max_depth=80, max_features=auto, min_samples_leaf=4, min_samples_split=10, n_estimators=855; total time=   3.0s
[CV 56/60] END bootstrap=False, max_depth=80, max_features=auto, min_samples_leaf=2, min_samples_split=2, n_estimators=319; total time=   1.6s
[CV 21/60] END bootstrap=False, max_depth=20, max_features=auto, min_samples_leaf=4, min_samples_split=10, n_estimators=932; total time=   5.8s
[CV 12/60] END bootstrap=True, max_depth=None, max_features=auto, min_samples_leaf=2, min_samples_split=5, n_estimators=166; total time=   1.3s
[CV 26/60] END bootstrap=True, max_depth=None, max_features=auto, min_samples_leaf=2, min_samples_split=5, n_estimators=166; total time=   1.2s
[CV 39/60] END bootstrap=True, max_depth=None, max_features=auto, min_samples_leaf=2, min_samples_split=5, n_estimators=166; total time=   1.1s
[CV 54/60] END bootstrap=True, max_depth=None, max_features=auto, min_samples_leaf=2, min_samples_split=5, n_estimators=166; total time=   1.1s
[CV 17/60] END bootstrap=False, max_depth=100, max_features=auto, min_samples_leaf=1, min_samples_split=10, n_estimators=243; total time=   1.7s
[CV 51/60] END bootstrap=False, max_depth=100, max_features=auto, min_samples_leaf=1, min_samples_split=10, n_estimators=243; total time=   1.7s
[CV 25/60] END bootstrap=False, max_depth=None, max_features=auto, min_samples_leaf=1, min_samples_split=5, n_estimators=1046; total time=   9.1s
[CV 4/60] END bootstrap=True, max_depth=20, max_features=auto, min_samples_leaf=4, min_samples_split=2, n_estimators=702; total time=   4.7s
[CV 20/60] END bootstrap=True, max_depth=20, max_features=auto, min_samples_leaf=4, min_samples_split=2, n_estimators=702; total time=   4.8s
[CV 59/60] END bootstrap=True, max_depth=20, max_features=auto, min_samples_leaf=4, min_samples_split=2, n_estimators=702; total time=   4.5s
[CV 35/60] END bootstrap=False, max_depth=80, max_features=auto, min_samples_leaf=4, min_samples_split=2, n_estimators=1008; total time=   7.6s
[CV 14/60] END bootstrap=True, max_depth=40, max_features=auto, min_samples_leaf=1, min_samples_split=5, n_estimators=855; total time=   3.0s
[CV 52/60] END bootstrap=True, max_depth=40, max_features=auto, min_samples_leaf=1, min_samples_split=5, n_estimators=855; total time=   3.3s
[CV 37/60] END bootstrap=False, max_depth=80, max_features=auto, min_samples_leaf=4, min_samples_split=10, n_estimators=855; total time=   3.4s
[CV 15/60] END bootstrap=False, max_depth=80, max_features=auto, min_samples_leaf=2, min_samples_split=2, n_estimators=319; total time=   1.5s
[CV 42/60] END bootstrap=False, max_depth=80, max_features=auto, min_samples_leaf=2, min_samples_split=2, n_estimators=319; total time=   1.6s
[CV 33/60] END bootstrap=False, max_depth=80, max_features=auto, min_samples_leaf=1, min_samples_split=10, n_estimators=128; total time=   0.5s
[CV 59/60] END bootstrap=False, max_depth=80, max_features=auto, min_samples_leaf=1, min_samples_split=10, n_estimators=128; total time=   0.4s
[CV 33/60] END bootstrap=False, max_depth=20, max_features=auto, min_samples_leaf=4, min_samples_split=10, n_estimators=932; total time=   4.6s
[CV 60/60] END bootstrap=False, max_depth=20, max_features=auto, min_samples_leaf=4, min_samples_split=10, n_estimators=932; total time=   7.5s
[CV 47/60] END bootstrap=False, max_depth=100, max_features=auto, min_samples_leaf=1, min_samples_split=10, n_estimators=243; total time=   1.8s
[CV 22/60] END bootstrap=False, max_depth=None, max_features=auto, min_samples_leaf=1, min_samples_split=5, n_estimators=1046; total time=   9.3s
[CV 7/60] END bootstrap=True, max_depth=20, max_features=auto, min_samples_leaf=4, min_samples_split=2, n_estimators=702; total time=   4.4s
[CV 18/60] END bootstrap=True, max_depth=20, max_features=auto, min_samples_leaf=4, min_samples_split=2, n_estimators=702; total time=   4.8s
[CV 57/60] END bootstrap=True, max_depth=20, max_features=auto, min_samples_leaf=4, min_samples_split=2, n_estimators=702; total time=   4.8s
[CV 36/60] END bootstrap=False, max_depth=80, max_features=auto, min_samples_leaf=4, min_samples_split=2, n_estimators=1008; total time=   8.1s
[CV 36/60] END bootstrap=True, max_depth=40, max_features=auto, min_samples_leaf=1, min_samples_split=5, n_estimators=855; total time=   3.0s
[CV 50/60] END bootstrap=True, max_depth=40, max_features=auto, min_samples_leaf=1, min_samples_split=5, n_estimators=855; total time=   3.1s
[CV 27/60] END bootstrap=False, max_depth=80, max_features=auto, min_samples_leaf=4, min_samples_split=10, n_estimators=855; total time=   3.0s
[CV 3/60] END bootstrap=False, max_depth=80, max_features=auto, min_samples_leaf=2, min_samples_split=2, n_estimators=319; total time=   1.5s
[CV 33/60] END bootstrap=False, max_depth=80, max_features=auto, min_samples_leaf=2, min_samples_split=2, n_estimators=319; total time=   1.7s
[CV 13/60] END bootstrap=False, max_depth=80, max_features=auto, min_samples_leaf=1, min_samples_split=10, n_estimators=128; total time=   0.5s
[CV 34/60] END bootstrap=False, max_depth=80, max_features=auto, min_samples_leaf=1, min_samples_split=10, n_estimators=128; total time=   0.5s
[CV 4/60] END bootstrap=False, max_depth=20, max_features=auto, min_samples_leaf=4, min_samples_split=10, n_estimators=932; total time=   4.0s
[CV 44/60] END bootstrap=False, max_depth=20, max_features=auto, min_samples_leaf=4, min_samples_split=10, n_estimators=932; total time=   6.3s
[CV 4/60] END bootstrap=False, max_depth=100, max_features=auto, min_samples_leaf=1, min_samples_split=10, n_estimators=243; total time=   1.7s
[CV 38/60] END bootstrap=False, max_depth=100, max_features=auto, min_samples_leaf=1, min_samples_split=10, n_estimators=243; total time=   1.8s
[CV 14/60] END bootstrap=False, max_depth=None, max_features=auto, min_samples_leaf=1, min_samples_split=5, n_estimators=1046; total time=   8.8s
[CV 50/60] END bootstrap=False, max_depth=None, max_features=auto, min_samples_leaf=1, min_samples_split=5, n_estimators=1046; total time=   5.9s
[CV 22/60] END bootstrap=True, max_depth=20, max_features=auto, min_samples_leaf=4, min_samples_split=2, n_estimators=702; total time=   5.0s
[CV 1/60] END bootstrap=False, max_depth=80, max_features=auto, min_samples_leaf=4, min_samples_split=2, n_estimators=1008; total time=   7.5s
[CV 37/60] END bootstrap=False, max_depth=80, max_features=auto, min_samples_leaf=4, min_samples_split=2, n_estimators=1008; total time=   7.3s
[CV 21/60] END bootstrap=True, max_depth=40, max_features=auto, min_samples_leaf=1, min_samples_split=5, n_estimators=855; total time=   3.0s
[CV 48/60] END bootstrap=True, max_depth=40, max_features=auto, min_samples_leaf=1, min_samples_split=5, n_estimators=855; total time=   2.9s
[CV 18/60] END bootstrap=False, max_depth=80, max_features=auto, min_samples_leaf=4, min_samples_split=10, n_estimators=855; total time=   3.2s
[CV 60/60] END bootstrap=False, max_depth=80, max_features=auto, min_samples_leaf=4, min_samples_split=10, n_estimators=855; total time=   3.3s
[CV 15/60] END bootstrap=False, max_depth=80, max_features=auto, min_samples_leaf=1, min_samples_split=10, n_estimators=128; total time=   0.5s
[CV 36/60] END bootstrap=False, max_depth=80, max_features=auto, min_samples_leaf=1, min_samples_split=10, n_estimators=128; total time=   0.5s
[CV 12/60] END bootstrap=False, max_depth=20, max_features=auto, min_samples_leaf=4, min_samples_split=10, n_estimators=932; total time=   3.6s
[CV 37/60] END bootstrap=False, max_depth=20, max_features=auto, min_samples_leaf=4, min_samples_split=10, n_estimators=932; total time=   5.3s
[CV 44/60] END bootstrap=True, max_depth=None, max_features=auto, min_samples_leaf=2, min_samples_split=5, n_estimators=166; total time=   1.2s
[CV 60/60] END bootstrap=True, max_depth=None, max_features=auto, min_samples_leaf=2, min_samples_split=5, n_estimators=166; total time=   1.2s
[CV 27/60] END bootstrap=False, max_depth=100, max_features=auto, min_samples_leaf=1, min_samples_split=10, n_estimators=243; total time=   1.8s
[CV 1/60] END bootstrap=False, max_depth=None, max_features=auto, min_samples_leaf=1, min_samples_split=5, n_estimators=1046; total time=   8.8s
[CV 40/60] END bootstrap=False, max_depth=None, max_features=auto, min_samples_leaf=1, min_samples_split=5, n_estimators=1046; total time=   8.7s
[CV 29/60] END bootstrap=True, max_depth=20, max_features=auto, min_samples_leaf=4, min_samples_split=2, n_estimators=702; total time=   5.0s
[CV 9/60] END bootstrap=False, max_depth=80, max_features=auto, min_samples_leaf=4, min_samples_split=2, n_estimators=1008; total time=   7.9s
[CV 47/60] END bootstrap=False, max_depth=80, max_features=auto, min_samples_leaf=4, min_samples_split=2, n_estimators=1008; total time=   4.9s
[CV 31/60] END bootstrap=True, max_depth=40, max_features=auto, min_samples_leaf=1, min_samples_split=5, n_estimators=855; total time=   3.0s
[CV 44/60] END bootstrap=True, max_depth=40, max_features=auto, min_samples_leaf=1, min_samples_split=5, n_estimators=855; total time=   3.2s
[CV 32/60] END bootstrap=False, max_depth=80, max_features=auto, min_samples_leaf=4, min_samples_split=10, n_estimators=855; total time=   3.3s
[CV 13/60] END bootstrap=False, max_depth=80, max_features=auto, min_samples_leaf=2, min_samples_split=2, n_estimators=319; total time=   1.3s
[CV 37/60] END bootstrap=False, max_depth=80, max_features=auto, min_samples_leaf=2, min_samples_split=2, n_estimators=319; total time=   1.3s
[CV 11/60] END bootstrap=False, max_depth=80, max_features=auto, min_samples_leaf=1, min_samples_split=10, n_estimators=128; total time=   0.5s
[CV 29/60] END bootstrap=False, max_depth=80, max_features=auto, min_samples_leaf=1, min_samples_split=10, n_estimators=128; total time=   0.7s
[CV 5/60] END bootstrap=False, max_depth=20, max_features=auto, min_samples_leaf=4, min_samples_split=10, n_estimators=932; total time=   3.8s
[CV 39/60] END bootstrap=False, max_depth=20, max_features=auto, min_samples_leaf=4, min_samples_split=10, n_estimators=932; total time=   6.5s
[CV 5/60] END bootstrap=False, max_depth=100, max_features=auto, min_samples_leaf=1, min_samples_split=10, n_estimators=243; total time=   2.2s
[CV 46/60] END bootstrap=False, max_depth=100, max_features=auto, min_samples_leaf=1, min_samples_split=10, n_estimators=243; total time=   2.0s
[CV 28/60] END bootstrap=False, max_depth=None, max_features=auto, min_samples_leaf=1, min_samples_split=5, n_estimators=1046; total time=   9.5s
[CV 11/60] END bootstrap=True, max_depth=20, max_features=auto, min_samples_leaf=4, min_samples_split=2, n_estimators=702; total time=   5.1s
[CV 26/60] END bootstrap=True, max_depth=20, max_features=auto, min_samples_leaf=4, min_samples_split=2, n_estimators=702; total time=   5.1s
[CV 3/60] END bootstrap=False, max_depth=80, max_features=auto, min_samples_leaf=4, min_samples_split=2, n_estimators=1008; total time=   7.9s
[CV 40/60] END bootstrap=False, max_depth=80, max_features=auto, min_samples_leaf=4, min_samples_split=2, n_estimators=1008; total time=   6.5s
[CV 5/60] END bootstrap=True, max_depth=40, max_features=auto, min_samples_leaf=1, min_samples_split=5, n_estimators=855; total time=   3.0s
[CV 43/60] END bootstrap=True, max_depth=40, max_features=auto, min_samples_leaf=1, min_samples_split=5, n_estimators=855; total time=   3.0s
[CV 20/60] END bootstrap=False, max_depth=80, max_features=auto, min_samples_leaf=4, min_samples_split=10, n_estimators=855; total time=   2.9s
[CV 52/60] END bootstrap=False, max_depth=80, max_features=auto, min_samples_leaf=4, min_samples_split=10, n_estimators=855; total time=   3.4s
[CV 12/60] END bootstrap=False, max_depth=80, max_features=auto, min_samples_leaf=1, min_samples_split=10, n_estimators=128; total time=   0.5s
[CV 32/60] END bootstrap=False, max_depth=80, max_features=auto, min_samples_leaf=1, min_samples_split=10, n_estimators=128; total time=   0.5s
[CV 58/60] END bootstrap=False, max_depth=80, max_features=auto, min_samples_leaf=1, min_samples_split=10, n_estimators=128; total time=   0.4s
[CV 32/60] END bootstrap=False, max_depth=20, max_features=auto, min_samples_leaf=4, min_samples_split=10, n_estimators=932; total time=   3.8s
[CV 48/60] END bootstrap=False, max_depth=20, max_features=auto, min_samples_leaf=4, min_samples_split=10, n_estimators=932; total time=   6.0s
[CV 2/60] END bootstrap=False, max_depth=100, max_features=auto, min_samples_leaf=1, min_samples_split=10, n_estimators=243; total time=   1.9s
[CV 39/60] END bootstrap=False, max_depth=100, max_features=auto, min_samples_leaf=1, min_samples_split=10, n_estimators=243; total time=   1.7s
[CV 13/60] END bootstrap=False, max_depth=None, max_features=auto, min_samples_leaf=1, min_samples_split=5, n_estimators=1046; total time=   8.2s
[CV 42/60] END bootstrap=False, max_depth=None, max_features=auto, min_samples_leaf=1, min_samples_split=5, n_estimators=1046; total time=   8.7s
[CV 30/60] END bootstrap=True, max_depth=20, max_features=auto, min_samples_leaf=4, min_samples_split=2, n_estimators=702; total time=   3.6s
[CV 4/60] END bootstrap=False, max_depth=80, max_features=auto, min_samples_leaf=4, min_samples_split=2, n_estimators=1008; total time=   7.7s
[CV 39/60] END bootstrap=False, max_depth=80, max_features=auto, min_samples_leaf=4, min_samples_split=2, n_estimators=1008; total time=   7.1s
[CV 22/60] END bootstrap=True, max_depth=40, max_features=auto, min_samples_leaf=1, min_samples_split=5, n_estimators=855; total time=   3.0s
[CV 46/60] END bootstrap=True, max_depth=40, max_features=auto, min_samples_leaf=1, min_samples_split=5, n_estimators=855; total time=   3.1s
[CV 25/60] END bootstrap=False, max_depth=80, max_features=auto, min_samples_leaf=4, min_samples_split=10, n_estimators=855; total time=   3.0s
[CV 58/60] END bootstrap=False, max_depth=80, max_features=auto, min_samples_leaf=4, min_samples_split=10, n_estimators=855; total time=   3.0s
[CV 7/60] END bootstrap=False, max_depth=80, max_features=auto, min_samples_leaf=1, min_samples_split=10, n_estimators=128; total time=   0.5s
[CV 23/60] END bootstrap=False, max_depth=80, max_features=auto, min_samples_leaf=1, min_samples_split=10, n_estimators=128; total time=   0.5s
[CV 47/60] END bootstrap=False, max_depth=80, max_features=auto, min_samples_leaf=1, min_samples_split=10, n_estimators=128; total time=   0.4s
[CV 22/60] END bootstrap=False, max_depth=20, max_features=auto, min_samples_leaf=4, min_samples_split=10, n_estimators=932; total time=   4.8s
[CV 2/60] END bootstrap=True, max_depth=None, max_features=auto, min_samples_leaf=2, min_samples_split=5, n_estimators=166; total time=   1.4s
[CV 17/60] END bootstrap=True, max_depth=None, max_features=auto, min_samples_leaf=2, min_samples_split=5, n_estimators=166; total time=   1.2s
[CV 28/60] END bootstrap=True, max_depth=None, max_features=auto, min_samples_leaf=2, min_samples_split=5, n_estimators=166; total time=   1.2s
[CV 41/60] END bootstrap=True, max_depth=None, max_features=auto, min_samples_leaf=2, min_samples_split=5, n_estimators=166; total time=   1.3s
[CV 58/60] END bootstrap=True, max_depth=None, max_features=auto, min_samples_leaf=2, min_samples_split=5, n_estimators=166; total time=   1.4s
[CV 30/60] END bootstrap=False, max_depth=100, max_features=auto, min_samples_leaf=1, min_samples_split=10, n_estimators=243; total time=   2.1s
[CV 11/60] END bootstrap=False, max_depth=None, max_features=auto, min_samples_leaf=1, min_samples_split=5, n_estimators=1046; total time=   9.2s
[CV 54/60] END bootstrap=False, max_depth=None, max_features=auto, min_samples_leaf=1, min_samples_split=5, n_estimators=1046; total time=   8.9s
[CV 41/60] END bootstrap=True, max_depth=20, max_features=auto, min_samples_leaf=4, min_samples_split=2, n_estimators=702; total time=   4.5s
[CV 16/60] END bootstrap=False, max_depth=80, max_features=auto, min_samples_leaf=4, min_samples_split=2, n_estimators=1008; total time=   7.4s
[CV 50/60] END bootstrap=False, max_depth=80, max_features=auto, min_samples_leaf=4, min_samples_split=2, n_estimators=1008; total time=   5.6s
[CV 24/60] END bootstrap=True, max_depth=40, max_features=auto, min_samples_leaf=1, min_samples_split=5, n_estimators=855; total time=   3.3s
[CV 5/60] END bootstrap=False, max_depth=80, max_features=auto, min_samples_leaf=4, min_samples_split=10, n_estimators=855; total time=   3.2s
[CV 41/60] END bootstrap=False, max_depth=80, max_features=auto, min_samples_leaf=4, min_samples_split=10, n_estimators=855; total time=   3.2s
[CV 17/60] END bootstrap=False, max_depth=80, max_features=auto, min_samples_leaf=2, min_samples_split=2, n_estimators=319; total time=   1.3s
[CV 39/60] END bootstrap=False, max_depth=80, max_features=auto, min_samples_leaf=2, min_samples_split=2, n_estimators=319; total time=   1.4s
[CV 14/60] END bootstrap=False, max_depth=80, max_features=auto, min_samples_leaf=1, min_samples_split=10, n_estimators=128; total time=   0.5s
[CV 35/60] END bootstrap=False, max_depth=80, max_features=auto, min_samples_leaf=1, min_samples_split=10, n_estimators=128; total time=   0.5s
[CV 6/60] END bootstrap=False, max_depth=20, max_features=auto, min_samples_leaf=4, min_samples_split=10, n_estimators=932; total time=   3.8s
[CV 41/60] END bootstrap=False, max_depth=20, max_features=auto, min_samples_leaf=4, min_samples_split=10, n_estimators=932; total time=   7.2s
[CV 20/60] END bootstrap=False, max_depth=100, max_features=auto, min_samples_leaf=1, min_samples_split=10, n_estimators=243; total time=   1.9s
[CV 59/60] END bootstrap=False, max_depth=100, max_features=auto, min_samples_leaf=1, min_samples_split=10, n_estimators=243; total time=   1.9s
[CV 35/60] END bootstrap=False, max_depth=None, max_features=auto, min_samples_leaf=1, min_samples_split=5, n_estimators=1046; total time=   8.1s
[CV 56/60] END bootstrap=False, max_depth=None, max_features=auto, min_samples_leaf=1, min_samples_split=5, n_estimators=1046; total time=   9.0s
[CV 45/60] END bootstrap=True, max_depth=20, max_features=auto, min_samples_leaf=4, min_samples_split=2, n_estimators=702; total time=   4.2s
[CV 15/60] END bootstrap=False, max_depth=80, max_features=auto, min_samples_leaf=4, min_samples_split=2, n_estimators=1008; total time=   7.4s
[CV 48/60] END bootstrap=False, max_depth=80, max_features=auto, min_samples_leaf=4, min_samples_split=2, n_estimators=1008; total time=   5.6s
[CV 33/60] END bootstrap=True, max_depth=40, max_features=auto, min_samples_leaf=1, min_samples_split=5, n_estimators=855; total time=   3.0s
[CV 51/60] END bootstrap=True, max_depth=40, max_features=auto, min_samples_leaf=1, min_samples_split=5, n_estimators=855; total time=   3.4s
[CV 40/60] END bootstrap=False, max_depth=80, max_features=auto, min_samples_leaf=4, min_samples_split=10, n_estimators=855; total time=   3.5s
[CV 21/60] END bootstrap=False, max_depth=80, max_features=auto, min_samples_leaf=2, min_samples_split=2, n_estimators=319; total time=   1.3s
[CV 43/60] END bootstrap=False, max_depth=80, max_features=auto, min_samples_leaf=2, min_samples_split=2, n_estimators=319; total time=   1.3s
[CV 17/60] END bootstrap=False, max_depth=80, max_features=auto, min_samples_leaf=1, min_samples_split=10, n_estimators=128; total time=   0.5s
[CV 38/60] END bootstrap=False, max_depth=80, max_features=auto, min_samples_leaf=1, min_samples_split=10, n_estimators=128; total time=   0.4s
[CV 10/60] END bootstrap=False, max_depth=20, max_features=auto, min_samples_leaf=4, min_samples_split=10, n_estimators=932; total time=   4.7s
[CV 59/60] END bootstrap=False, max_depth=20, max_features=auto, min_samples_leaf=4, min_samples_split=10, n_estimators=932; total time=   6.7s
[CV 28/60] END bootstrap=False, max_depth=100, max_features=auto, min_samples_leaf=1, min_samples_split=10, n_estimators=243; total time=   1.7s
[CV 2/60] END bootstrap=False, max_depth=None, max_features=auto, min_samples_leaf=1, min_samples_split=5, n_estimators=1046; total time=   8.7s
[CV 39/60] END bootstrap=False, max_depth=None, max_features=auto, min_samples_leaf=1, min_samples_split=5, n_estimators=1046; total time=   8.0s
[CV 28/60] END bootstrap=True, max_depth=20, max_features=auto, min_samples_leaf=4, min_samples_split=2, n_estimators=702; total time=   4.5s
[CV 5/60] END bootstrap=False, max_depth=80, max_features=auto, min_samples_leaf=4, min_samples_split=2, n_estimators=1008; total time=   7.8s
[CV 41/60] END bootstrap=False, max_depth=80, max_features=auto, min_samples_leaf=4, min_samples_split=2, n_estimators=1008; total time=   7.2s
[CV 8/60] END bootstrap=True, max_depth=40, max_features=auto, min_samples_leaf=1, min_samples_split=5, n_estimators=855; total time=   3.3s
[CV 6/60] END bootstrap=False, max_depth=80, max_features=auto, min_samples_leaf=4, min_samples_split=10, n_estimators=855; total time=   3.0s
[CV 39/60] END bootstrap=False, max_depth=80, max_features=auto, min_samples_leaf=4, min_samples_split=10, n_estimators=855; total time=   3.5s
[CV 22/60] END bootstrap=False, max_depth=80, max_features=auto, min_samples_leaf=2, min_samples_split=2, n_estimators=319; total time=   1.3s
[CV 44/60] END bootstrap=False, max_depth=80, max_features=auto, min_samples_leaf=2, min_samples_split=2, n_estimators=319; total time=   1.4s
[CV 20/60] END bootstrap=False, max_depth=80, max_features=auto, min_samples_leaf=1, min_samples_split=10, n_estimators=128; total time=   0.5s
[CV 46/60] END bootstrap=False, max_depth=80, max_features=auto, min_samples_leaf=1, min_samples_split=10, n_estimators=128; total time=   0.4s
[CV 20/60] END bootstrap=False, max_depth=20, max_features=auto, min_samples_leaf=4, min_samples_split=10, n_estimators=932; total time=   5.1s
[CV 3/60] END bootstrap=True, max_depth=None, max_features=auto, min_samples_leaf=2, min_samples_split=5, n_estimators=166; total time=   1.0s
[CV 14/60] END bootstrap=True, max_depth=None, max_features=auto, min_samples_leaf=2, min_samples_split=5, n_estimators=166; total time=   1.2s
[CV 27/60] END bootstrap=True, max_depth=None, max_features=auto, min_samples_leaf=2, min_samples_split=5, n_estimators=166; total time=   1.1s
[CV 38/60] END bootstrap=True, max_depth=None, max_features=auto, min_samples_leaf=2, min_samples_split=5, n_estimators=166; total time=   1.2s
[CV 52/60] END bootstrap=True, max_depth=None, max_features=auto, min_samples_leaf=2, min_samples_split=5, n_estimators=166; total time=   1.1s
[CV 16/60] END bootstrap=False, max_depth=100, max_features=auto, min_samples_leaf=1, min_samples_split=10, n_estimators=243; total time=   1.7s
[CV 50/60] END bootstrap=False, max_depth=100, max_features=auto, min_samples_leaf=1, min_samples_split=10, n_estimators=243; total time=   1.7s
[CV 24/60] END bootstrap=False, max_depth=None, max_features=auto, min_samples_leaf=1, min_samples_split=5, n_estimators=1046; total time=   9.1s
[CV 3/60] END bootstrap=True, max_depth=20, max_features=auto, min_samples_leaf=4, min_samples_split=2, n_estimators=702; total time=   3.2s
[CV 13/60] END bootstrap=True, max_depth=20, max_features=auto, min_samples_leaf=4, min_samples_split=2, n_estimators=702; total time=   2.6s
[CV 27/60] END bootstrap=True, max_depth=20, max_features=auto, min_samples_leaf=4, min_samples_split=2, n_estimators=702; total time=   4.8s
[CV 2/60] END bootstrap=False, max_depth=80, max_features=auto, min_samples_leaf=4, min_samples_split=2, n_estimators=1008; total time=   7.7s
[CV 38/60] END bootstrap=False, max_depth=80, max_features=auto, min_samples_leaf=4, min_samples_split=2, n_estimators=1008; total time=   7.5s
[CV 29/60] END bootstrap=True, max_depth=40, max_features=auto, min_samples_leaf=1, min_samples_split=5, n_estimators=855; total time=   3.0s
[CV 40/60] END bootstrap=True, max_depth=40, max_features=auto, min_samples_leaf=1, min_samples_split=5, n_estimators=855; total time=   2.9s
[CV 13/60] END bootstrap=False, max_depth=80, max_features=auto, min_samples_leaf=4, min_samples_split=10, n_estimators=855; total time=   3.0s
[CV 50/60] END bootstrap=False, max_depth=80, max_features=auto, min_samples_leaf=4, min_samples_split=10, n_estimators=855; total time=   2.9s
[CV 49/60] END bootstrap=False, max_depth=80, max_features=auto, min_samples_leaf=2, min_samples_split=2, n_estimators=319; total time=   1.5s
[CV 55/60] END bootstrap=False, max_depth=80, max_features=auto, min_samples_leaf=1, min_samples_split=10, n_estimators=128; total time=   0.4s
[CV 27/60] END bootstrap=False, max_depth=20, max_features=auto, min_samples_leaf=4, min_samples_split=10, n_estimators=932; total time=   3.9s
[CV 47/60] END bootstrap=False, max_depth=20, max_features=auto, min_samples_leaf=4, min_samples_split=10, n_estimators=932; total time=   7.3s
[CV 29/60] END bootstrap=False, max_depth=100, max_features=auto, min_samples_leaf=1, min_samples_split=10, n_estimators=243; total time=   2.0s
[CV 7/60] END bootstrap=False, max_depth=None, max_features=auto, min_samples_leaf=1, min_samples_split=5, n_estimators=1046; total time=   8.9s
[CV 44/60] END bootstrap=False, max_depth=None, max_features=auto, min_samples_leaf=1, min_samples_split=5, n_estimators=1046; total time=   8.7s
[CV 33/60] END bootstrap=True, max_depth=20, max_features=auto, min_samples_leaf=4, min_samples_split=2, n_estimators=702; total time=   4.6s
[CV 10/60] END bootstrap=False, max_depth=80, max_features=auto, min_samples_leaf=4, min_samples_split=2, n_estimators=1008; total time=   7.8s
[CV 46/60] END bootstrap=False, max_depth=80, max_features=auto, min_samples_leaf=4, min_samples_split=2, n_estimators=1008; total time=   6.1s
[CV 17/60] END bootstrap=True, max_depth=40, max_features=auto, min_samples_leaf=1, min_samples_split=5, n_estimators=855; total time=   3.0s
[CV 38/60] END bootstrap=True, max_depth=40, max_features=auto, min_samples_leaf=1, min_samples_split=5, n_estimators=855; total time=   3.2s
[CV 29/60] END bootstrap=False, max_depth=80, max_features=auto, min_samples_leaf=4, min_samples_split=10, n_estimators=855; total time=   3.0s
[CV 2/60] END bootstrap=False, max_depth=80, max_features=auto, min_samples_leaf=2, min_samples_split=2, n_estimators=319; total time=   1.3s
[CV 26/60] END bootstrap=False, max_depth=80, max_features=auto, min_samples_leaf=2, min_samples_split=2, n_estimators=319; total time=   1.3s
[CV 50/60] END bootstrap=False, max_depth=80, max_features=auto, min_samples_leaf=2, min_samples_split=2, n_estimators=319; total time=   1.5s
[CV 56/60] END bootstrap=False, max_depth=80, max_features=auto, min_samples_leaf=1, min_samples_split=10, n_estimators=128; total time=   0.4s
[CV 30/60] END bootstrap=False, max_depth=20, max_features=auto, min_samples_leaf=4, min_samples_split=10, n_estimators=932; total time=   3.7s
[CV 43/60] END bootstrap=False, max_depth=20, max_features=auto, min_samples_leaf=4, min_samples_split=10, n_estimators=932; total time=   6.4s
[CV 6/60] END bootstrap=False, max_depth=100, max_features=auto, min_samples_leaf=1, min_samples_split=10, n_estimators=243; total time=   1.7s
[CV 40/60] END bootstrap=False, max_depth=100, max_features=auto, min_samples_leaf=1, min_samples_split=10, n_estimators=243; total time=   1.7s
[CV 15/60] END bootstrap=False, max_depth=None, max_features=auto, min_samples_leaf=1, min_samples_split=5, n_estimators=1046; total time=   8.5s
[CV 46/60] END bootstrap=False, max_depth=None, max_features=auto, min_samples_leaf=1, min_samples_split=5, n_estimators=1046; total time=   9.0s
[CV 36/60] END bootstrap=True, max_depth=20, max_features=auto, min_samples_leaf=4, min_samples_split=2, n_estimators=702; total time=   4.9s
[CV 19/60] END bootstrap=False, max_depth=80, max_features=auto, min_samples_leaf=4, min_samples_split=2, n_estimators=1008; total time=   7.5s
[CV 52/60] END bootstrap=False, max_depth=80, max_features=auto, min_samples_leaf=4, min_samples_split=2, n_estimators=1008; total time=   5.9s
[CV 23/60] END bootstrap=True, max_depth=40, max_features=auto, min_samples_leaf=1, min_samples_split=5, n_estimators=855; total time=   3.0s
[CV 53/60] END bootstrap=True, max_depth=40, max_features=auto, min_samples_leaf=1, min_samples_split=5, n_estimators=855; total time=   3.1s
[CV 28/60] END bootstrap=False, max_depth=80, max_features=auto, min_samples_leaf=4, min_samples_split=10, n_estimators=855; total time=   3.0s
[CV 1/60] END bootstrap=False, max_depth=80, max_features=auto, min_samples_leaf=2, min_samples_split=2, n_estimators=319; total time=   1.3s
[CV 25/60] END bootstrap=False, max_depth=80, max_features=auto, min_samples_leaf=2, min_samples_split=2, n_estimators=319; total time=   1.7s
[CV 6/60] END bootstrap=False, max_depth=80, max_features=auto, min_samples_leaf=1, min_samples_split=10, n_estimators=128; total time=   0.5s
[CV 25/60] END bootstrap=False, max_depth=80, max_features=auto, min_samples_leaf=1, min_samples_split=10, n_estimators=128; total time=   0.5s
[CV 49/60] END bootstrap=False, max_depth=80, max_features=auto, min_samples_leaf=1, min_samples_split=10, n_estimators=128; total time=   0.5s
[CV 29/60] END bootstrap=False, max_depth=20, max_features=auto, min_samples_leaf=4, min_samples_split=10, n_estimators=932; total time=   5.3s
[CV 10/60] END bootstrap=True, max_depth=None, max_features=auto, min_samples_leaf=2, min_samples_split=5, n_estimators=166; total time=   1.6s
[CV 24/60] END bootstrap=True, max_depth=None, max_features=auto, min_samples_leaf=2, min_samples_split=5, n_estimators=166; total time=   1.3s
[CV 37/60] END bootstrap=True, max_depth=None, max_features=auto, min_samples_leaf=2, min_samples_split=5, n_estimators=166; total time=   1.2s
[CV 55/60] END bootstrap=True, max_depth=None, max_features=auto, min_samples_leaf=2, min_samples_split=5, n_estimators=166; total time=   1.3s
[CV 22/60] END bootstrap=False, max_depth=100, max_features=auto, min_samples_leaf=1, min_samples_split=10, n_estimators=243; total time=   1.9s
[CV 60/60] END bootstrap=False, max_depth=100, max_features=auto, min_samples_leaf=1, min_samples_split=10, n_estimators=243; total time=   2.0s
[CV 36/60] END bootstrap=False, max_depth=None, max_features=auto, min_samples_leaf=1, min_samples_split=5, n_estimators=1046; total time=   8.8s
[CV 10/60] END bootstrap=True, max_depth=20, max_features=auto, min_samples_leaf=4, min_samples_split=2, n_estimators=702; total time=   3.8s
[CV 15/60] END bootstrap=True, max_depth=20, max_features=auto, min_samples_leaf=4, min_samples_split=2, n_estimators=702; total time=   4.6s
[CV 48/60] END bootstrap=True, max_depth=20, max_features=auto, min_samples_leaf=4, min_samples_split=2, n_estimators=702; total time=   4.3s
[CV 21/60] END bootstrap=False, max_depth=80, max_features=auto, min_samples_leaf=4, min_samples_split=2, n_estimators=1008; total time=   7.7s
[CV 60/60] END bootstrap=False, max_depth=80, max_features=auto, min_samples_leaf=4, min_samples_split=2, n_estimators=1008; total time=   5.6s
[CV 16/60] END bootstrap=True, max_depth=40, max_features=auto, min_samples_leaf=1, min_samples_split=5, n_estimators=855; total time=   3.0s
[CV 54/60] END bootstrap=True, max_depth=40, max_features=auto, min_samples_leaf=1, min_samples_split=5, n_estimators=855; total time=   2.9s
[CV 15/60] END bootstrap=False, max_depth=80, max_features=auto, min_samples_leaf=4, min_samples_split=10, n_estimators=855; total time=   2.9s
[CV 49/60] END bootstrap=False, max_depth=80, max_features=auto, min_samples_leaf=4, min_samples_split=10, n_estimators=855; total time=   3.0s
[CV 51/60] END bootstrap=False, max_depth=80, max_features=auto, min_samples_leaf=2, min_samples_split=2, n_estimators=319; total time=   1.7s
[CV 9/60] END bootstrap=False, max_depth=20, max_features=auto, min_samples_leaf=4, min_samples_split=10, n_estimators=932; total time=   3.8s
[CV 42/60] END bootstrap=False, max_depth=20, max_features=auto, min_samples_leaf=4, min_samples_split=10, n_estimators=932; total time=   5.6s
[CV 50/60] END bootstrap=True, max_depth=None, max_features=auto, min_samples_leaf=2, min_samples_split=5, n_estimators=166; total time=   1.1s
[CV 10/60] END bootstrap=False, max_depth=100, max_features=auto, min_samples_leaf=1, min_samples_split=10, n_estimators=243; total time=   1.7s
[CV 45/60] END bootstrap=False, max_depth=100, max_features=auto, min_samples_leaf=1, min_samples_split=10, n_estimators=243; total time=   2.0s
[CV 26/60] END bootstrap=False, max_depth=None, max_features=auto, min_samples_leaf=1, min_samples_split=5, n_estimators=1046; total time=   7.4s
[CV 38/60] END bootstrap=False, max_depth=None, max_features=auto, min_samples_leaf=1, min_samples_split=5, n_estimators=1046; total time=   9.3s
[CV 34/60] END bootstrap=True, max_depth=20, max_features=auto, min_samples_leaf=4, min_samples_split=2, n_estimators=702; total time=   4.2s
[CV 6/60] END bootstrap=False, max_depth=80, max_features=auto, min_samples_leaf=4, min_samples_split=2, n_estimators=1008; total time=   7.3s
[CV 42/60] END bootstrap=False, max_depth=80, max_features=auto, min_samples_leaf=4, min_samples_split=2, n_estimators=1008; total time=   7.2s
[CV 2/60] END bootstrap=True, max_depth=40, max_features=auto, min_samples_leaf=1, min_samples_split=5, n_estimators=855; total time=   3.0s
[CV 49/60] END bootstrap=True, max_depth=40, max_features=auto, min_samples_leaf=1, min_samples_split=5, n_estimators=855; total time=   3.1s
[CV 26/60] END bootstrap=False, max_depth=80, max_features=auto, min_samples_leaf=4, min_samples_split=10, n_estimators=855; total time=   2.9s
[CV 56/60] END bootstrap=False, max_depth=80, max_features=auto, min_samples_leaf=4, min_samples_split=10, n_estimators=855; total time=   2.9s
[CV 59/60] END bootstrap=False, max_depth=80, max_features=auto, min_samples_leaf=2, min_samples_split=2, n_estimators=319; total time=   1.4s
[CV 7/60] END bootstrap=False, max_depth=20, max_features=auto, min_samples_leaf=4, min_samples_split=10, n_estimators=932; total time=   3.7s
[CV 38/60] END bootstrap=False, max_depth=20, max_features=auto, min_samples_leaf=4, min_samples_split=10, n_estimators=932; total time=   5.6s
[CV 48/60] END bootstrap=True, max_depth=None, max_features=auto, min_samples_leaf=2, min_samples_split=5, n_estimators=166; total time=   1.2s
[CV 8/60] END bootstrap=False, max_depth=100, max_features=auto, min_samples_leaf=1, min_samples_split=10, n_estimators=243; total time=   1.8s
[CV 43/60] END bootstrap=False, max_depth=100, max_features=auto, min_samples_leaf=1, min_samples_split=10, n_estimators=243; total time=   1.7s
[CV 18/60] END bootstrap=False, max_depth=None, max_features=auto, min_samples_leaf=1, min_samples_split=5, n_estimators=1046; total time=   8.4s
[CV 48/60] END bootstrap=False, max_depth=None, max_features=auto, min_samples_leaf=1, min_samples_split=5, n_estimators=1046; total time=   8.7s
[CV 35/60] END bootstrap=True, max_depth=20, max_features=auto, min_samples_leaf=4, min_samples_split=2, n_estimators=702; total time=   4.8s
[CV 12/60] END bootstrap=False, max_depth=80, max_features=auto, min_samples_leaf=4, min_samples_split=2, n_estimators=1008; total time=   6.8s
[CV 43/60] END bootstrap=False, max_depth=80, max_features=auto, min_samples_leaf=4, min_samples_split=2, n_estimators=1008; total time=   7.1s
[CV 28/60] END bootstrap=True, max_depth=40, max_features=auto, min_samples_leaf=1, min_samples_split=5, n_estimators=855; total time=   3.2s
[CV 11/60] END bootstrap=False, max_depth=80, max_features=auto, min_samples_leaf=4, min_samples_split=10, n_estimators=855; total time=   3.0s
[CV 46/60] END bootstrap=False, max_depth=80, max_features=auto, min_samples_leaf=4, min_samples_split=10, n_estimators=855; total time=   3.0s
[CV 18/60] END bootstrap=False, max_depth=80, max_features=auto, min_samples_leaf=2, min_samples_split=2, n_estimators=319; total time=   1.3s
[CV 40/60] END bootstrap=False, max_depth=80, max_features=auto, min_samples_leaf=2, min_samples_split=2, n_estimators=319; total time=   1.4s
[CV 16/60] END bootstrap=False, max_depth=80, max_features=auto, min_samples_leaf=1, min_samples_split=10, n_estimators=128; total time=   0.5s
[CV 40/60] END bootstrap=False, max_depth=80, max_features=auto, min_samples_leaf=1, min_samples_split=10, n_estimators=128; total time=   0.4s
[CV 11/60] END bootstrap=False, max_depth=20, max_features=auto, min_samples_leaf=4, min_samples_split=10, n_estimators=932; total time=   5.2s
[CV 4/60] END bootstrap=True, max_depth=None, max_features=auto, min_samples_leaf=2, min_samples_split=5, n_estimators=166; total time=   0.7s
[CV 11/60] END bootstrap=True, max_depth=None, max_features=auto, min_samples_leaf=2, min_samples_split=5, n_estimators=166; total time=   0.6s
[CV 19/60] END bootstrap=True, max_depth=None, max_features=auto, min_samples_leaf=2, min_samples_split=5, n_estimators=166; total time=   1.1s
[CV 31/60] END bootstrap=True, max_depth=None, max_features=auto, min_samples_leaf=2, min_samples_split=5, n_estimators=166; total time=   1.1s
[CV 42/60] END bootstrap=True, max_depth=None, max_features=auto, min_samples_leaf=2, min_samples_split=5, n_estimators=166; total time=   1.1s
[CV 57/60] END bootstrap=True, max_depth=None, max_features=auto, min_samples_leaf=2, min_samples_split=5, n_estimators=166; total time=   1.1s
[CV 21/60] END bootstrap=False, max_depth=100, max_features=auto, min_samples_leaf=1, min_samples_split=10, n_estimators=243; total time=   1.7s
[CV 55/60] END bootstrap=False, max_depth=100, max_features=auto, min_samples_leaf=1, min_samples_split=10, n_estimators=243; total time=   1.8s
[CV 32/60] END bootstrap=False, max_depth=None, max_features=auto, min_samples_leaf=1, min_samples_split=5, n_estimators=1046; total time=   9.0s
[CV 8/60] END bootstrap=True, max_depth=20, max_features=auto, min_samples_leaf=4, min_samples_split=2, n_estimators=702; total time=   4.8s
[CV 23/60] END bootstrap=True, max_depth=20, max_features=auto, min_samples_leaf=4, min_samples_split=2, n_estimators=702; total time=   4.5s
[CV 60/60] END bootstrap=True, max_depth=20, max_features=auto, min_samples_leaf=4, min_samples_split=2, n_estimators=702; total time=   3.9s
[CV 25/60] END bootstrap=False, max_depth=80, max_features=auto, min_samples_leaf=4, min_samples_split=2, n_estimators=1008; total time=   6.1s
[CV 44/60] END bootstrap=False, max_depth=80, max_features=auto, min_samples_leaf=4, min_samples_split=2, n_estimators=1008; total time=   6.9s
[CV 25/60] END bootstrap=True, max_depth=40, max_features=auto, min_samples_leaf=1, min_samples_split=5, n_estimators=855; total time=   3.6s
[CV 8/60] END bootstrap=False, max_depth=80, max_features=auto, min_samples_leaf=4, min_samples_split=10, n_estimators=855; total time=   3.2s
[CV 47/60] END bootstrap=False, max_depth=80, max_features=auto, min_samples_leaf=4, min_samples_split=10, n_estimators=855; total time=   3.1s
[CV 23/60] END bootstrap=False, max_depth=80, max_features=auto, min_samples_leaf=2, min_samples_split=2, n_estimators=319; total time=   1.6s
[CV 47/60] END bootstrap=False, max_depth=80, max_features=auto, min_samples_leaf=2, min_samples_split=2, n_estimators=319; total time=   1.4s
[CV 37/60] END bootstrap=False, max_depth=80, max_features=auto, min_samples_leaf=1, min_samples_split=10, n_estimators=128; total time=   0.5s
[CV 8/60] END bootstrap=False, max_depth=20, max_features=auto, min_samples_leaf=4, min_samples_split=10, n_estimators=932; total time=   5.5s
[CV 9/60] END bootstrap=True, max_depth=None, max_features=auto, min_samples_leaf=2, min_samples_split=5, n_estimators=166; total time=   1.2s
[CV 22/60] END bootstrap=True, max_depth=None, max_features=auto, min_samples_leaf=2, min_samples_split=5, n_estimators=166; total time=   1.4s
[CV 35/60] END bootstrap=True, max_depth=None, max_features=auto, min_samples_leaf=2, min_samples_split=5, n_estimators=166; total time=   1.2s
[CV 47/60] END bootstrap=True, max_depth=None, max_features=auto, min_samples_leaf=2, min_samples_split=5, n_estimators=166; total time=   1.2s
[CV 7/60] END bootstrap=False, max_depth=100, max_features=auto, min_samples_leaf=1, min_samples_split=10, n_estimators=243; total time=   1.8s
[CV 41/60] END bootstrap=False, max_depth=100, max_features=auto, min_samples_leaf=1, min_samples_split=10, n_estimators=243; total time=   1.8s
[CV 17/60] END bootstrap=False, max_depth=None, max_features=auto, min_samples_leaf=1, min_samples_split=5, n_estimators=1046; total time=   8.6s
[CV 51/60] END bootstrap=False, max_depth=None, max_features=auto, min_samples_leaf=1, min_samples_split=5, n_estimators=1046; total time=   8.9s
[CV 39/60] END bootstrap=True, max_depth=20, max_features=auto, min_samples_leaf=4, min_samples_split=2, n_estimators=702; total time=   4.5s
[CV 13/60] END bootstrap=False, max_depth=80, max_features=auto, min_samples_leaf=4, min_samples_split=2, n_estimators=1008; total time=   7.8s
[CV 55/60] END bootstrap=False, max_depth=80, max_features=auto, min_samples_leaf=4, min_samples_split=2, n_estimators=1008; total time=   6.1s
[CV 20/60] END bootstrap=True, max_depth=40, max_features=auto, min_samples_leaf=1, min_samples_split=5, n_estimators=855; total time=   3.0s
[CV 59/60] END bootstrap=True, max_depth=40, max_features=auto, min_samples_leaf=1, min_samples_split=5, n_estimators=855; total time=   3.2s
[CV 33/60] END bootstrap=False, max_depth=80, max_features=auto, min_samples_leaf=4, min_samples_split=10, n_estimators=855; total time=   3.0s
[CV 6/60] END bootstrap=False, max_depth=80, max_features=auto, min_samples_leaf=2, min_samples_split=2, n_estimators=319; total time=   1.5s
[CV 34/60] END bootstrap=False, max_depth=80, max_features=auto, min_samples_leaf=2, min_samples_split=2, n_estimators=319; total time=   1.3s
[CV 1/60] END bootstrap=False, max_depth=80, max_features=auto, min_samples_leaf=1, min_samples_split=10, n_estimators=128; total time=   0.5s
[CV 18/60] END bootstrap=False, max_depth=80, max_features=auto, min_samples_leaf=1, min_samples_split=10, n_estimators=128; total time=   0.5s
[CV 41/60] END bootstrap=False, max_depth=80, max_features=auto, min_samples_leaf=1, min_samples_split=10, n_estimators=128; total time=   0.4s
[CV 14/60] END bootstrap=False, max_depth=20, max_features=auto, min_samples_leaf=4, min_samples_split=10, n_estimators=932; total time=   4.4s
[CV 52/60] END bootstrap=False, max_depth=20, max_features=auto, min_samples_leaf=4, min_samples_split=10, n_estimators=932; total time=   6.6s
[CV 23/60] END bootstrap=False, max_depth=100, max_features=auto, min_samples_leaf=1, min_samples_split=10, n_estimators=243; total time=   1.8s
[CV 57/60] END bootstrap=False, max_depth=100, max_features=auto, min_samples_leaf=1, min_samples_split=10, n_estimators=243; total time=   1.3s
[CV 20/60] END bootstrap=False, max_depth=None, max_features=auto, min_samples_leaf=1, min_samples_split=5, n_estimators=1046; total time=   8.9s
[CV 58/60] END bootstrap=False, max_depth=None, max_features=auto, min_samples_leaf=1, min_samples_split=5, n_estimators=1046; total time=   9.1s
[CV 46/60] END bootstrap=True, max_depth=20, max_features=auto, min_samples_leaf=4, min_samples_split=2, n_estimators=702; total time=   4.5s
[CV 23/60] END bootstrap=False, max_depth=80, max_features=auto, min_samples_leaf=4, min_samples_split=2, n_estimators=1008; total time=   7.2s
[CV 54/60] END bootstrap=False, max_depth=80, max_features=auto, min_samples_leaf=4, min_samples_split=2, n_estimators=1008; total time=   6.2s
[CV 18/60] END bootstrap=True, max_depth=40, max_features=auto, min_samples_leaf=1, min_samples_split=5, n_estimators=855; total time=   3.0s
[CV 37/60] END bootstrap=True, max_depth=40, max_features=auto, min_samples_leaf=1, min_samples_split=5, n_estimators=855; total time=   3.3s
[CV 34/60] END bootstrap=False, max_depth=80, max_features=auto, min_samples_leaf=4, min_samples_split=10, n_estimators=855; total time=   3.0s
[CV 5/60] END bootstrap=False, max_depth=80, max_features=auto, min_samples_leaf=2, min_samples_split=2, n_estimators=319; total time=   1.4s
[CV 28/60] END bootstrap=False, max_depth=80, max_features=auto, min_samples_leaf=2, min_samples_split=2, n_estimators=319; total time=   1.3s
[CV 54/60] END bootstrap=False, max_depth=80, max_features=auto, min_samples_leaf=2, min_samples_split=2, n_estimators=319; total time=   1.6s
[CV 13/60] END bootstrap=False, max_depth=20, max_features=auto, min_samples_leaf=4, min_samples_split=10, n_estimators=932; total time=   4.3s
[CV 51/60] END bootstrap=False, max_depth=20, max_features=auto, min_samples_leaf=4, min_samples_split=10, n_estimators=932; total time=   7.4s
[CV 35/60] END bootstrap=False, max_depth=100, max_features=auto, min_samples_leaf=1, min_samples_split=10, n_estimators=243; total time=   1.7s
[CV 9/60] END bootstrap=False, max_depth=None, max_features=auto, min_samples_leaf=1, min_samples_split=5, n_estimators=1046; total time=   9.1s
[CV 53/60] END bootstrap=False, max_depth=None, max_features=auto, min_samples_leaf=1, min_samples_split=5, n_estimators=1046; total time=   8.9s
[CV 40/60] END bootstrap=True, max_depth=20, max_features=auto, min_samples_leaf=4, min_samples_split=2, n_estimators=702; total time=   4.6s
[CV 17/60] END bootstrap=False, max_depth=80, max_features=auto, min_samples_leaf=4, min_samples_split=2, n_estimators=1008; total time=   7.6s
[CV 53/60] END bootstrap=False, max_depth=80, max_features=auto, min_samples_leaf=4, min_samples_split=2, n_estimators=1008; total time=   6.4s
[CV 32/60] END bootstrap=True, max_depth=40, max_features=auto, min_samples_leaf=1, min_samples_split=5, n_estimators=855; total time=   3.2s
[CV 1/60] END bootstrap=False, max_depth=80, max_features=auto, min_samples_leaf=4, min_samples_split=10, n_estimators=855; total time=   3.0s
[CV 31/60] END bootstrap=False, max_depth=80, max_features=auto, min_samples_leaf=4, min_samples_split=10, n_estimators=855; total time=   3.3s
[CV 11/60] END bootstrap=False, max_depth=80, max_features=auto, min_samples_leaf=2, min_samples_split=2, n_estimators=319; total time=   1.3s
[CV 35/60] END bootstrap=False, max_depth=80, max_features=auto, min_samples_leaf=2, min_samples_split=2, n_estimators=319; total time=   1.3s
[CV 4/60] END bootstrap=False, max_depth=80, max_features=auto, min_samples_leaf=1, min_samples_split=10, n_estimators=128; total time=   0.5s
[CV 21/60] END bootstrap=False, max_depth=80, max_features=auto, min_samples_leaf=1, min_samples_split=10, n_estimators=128; total time=   0.5s
[CV 44/60] END bootstrap=False, max_depth=80, max_features=auto, min_samples_leaf=1, min_samples_split=10, n_estimators=128; total time=   0.4s
[CV 18/60] END bootstrap=False, max_depth=20, max_features=auto, min_samples_leaf=4, min_samples_split=10, n_estimators=932; total time=   4.6s
[CV 58/60] END bootstrap=False, max_depth=20, max_features=auto, min_samples_leaf=4, min_samples_split=10, n_estimators=932; total time=   7.0s
[CV 33/60] END bootstrap=False, max_depth=100, max_features=auto, min_samples_leaf=1, min_samples_split=10, n_estimators=243; total time=   1.8s
[CV 8/60] END bootstrap=False, max_depth=None, max_features=auto, min_samples_leaf=1, min_samples_split=5, n_estimators=1046; total time=   9.3s
[CV 55/60] END bootstrap=False, max_depth=None, max_features=auto, min_samples_leaf=1, min_samples_split=5, n_estimators=1046; total time=   8.5s
[CV 37/60] END bootstrap=True, max_depth=20, max_features=auto, min_samples_leaf=4, min_samples_split=2, n_estimators=702; total time=   4.5s
[CV 11/60] END bootstrap=False, max_depth=80, max_features=auto, min_samples_leaf=4, min_samples_split=2, n_estimators=1008; total time=   8.0s
[CV 56/60] END bootstrap=False, max_depth=80, max_features=auto, min_samples_leaf=4, min_samples_split=2, n_estimators=1008; total time=   6.5s
[CV 1/60] END bootstrap=True, max_depth=40, max_features=auto, min_samples_leaf=1, min_samples_split=5, n_estimators=855; total time=   3.0s
[CV 56/60] END bootstrap=True, max_depth=40, max_features=auto, min_samples_leaf=1, min_samples_split=5, n_estimators=855; total time=   3.0s
[CV 21/60] END bootstrap=False, max_depth=80, max_features=auto, min_samples_leaf=4, min_samples_split=10, n_estimators=855; total time=   2.9s
[CV 54/60] END bootstrap=False, max_depth=80, max_features=auto, min_samples_leaf=4, min_samples_split=10, n_estimators=855; total time=   3.2s
[CV 10/60] END bootstrap=False, max_depth=80, max_features=auto, min_samples_leaf=1, min_samples_split=10, n_estimators=128; total time=   0.5s
[CV 30/60] END bootstrap=False, max_depth=80, max_features=auto, min_samples_leaf=1, min_samples_split=10, n_estimators=128; total time=   0.5s
[CV 57/60] END bootstrap=False, max_depth=80, max_features=auto, min_samples_leaf=1, min_samples_split=10, n_estimators=128; total time=   0.4s
[CV 31/60] END bootstrap=False, max_depth=20, max_features=auto, min_samples_leaf=4, min_samples_split=10, n_estimators=932; total time=   4.9s
[CV 5/60] END bootstrap=True, max_depth=None, max_features=auto, min_samples_leaf=2, min_samples_split=5, n_estimators=166; total time=   1.0s
[CV 16/60] END bootstrap=True, max_depth=None, max_features=auto, min_samples_leaf=2, min_samples_split=5, n_estimators=166; total time=   1.3s
[CV 30/60] END bootstrap=True, max_depth=None, max_features=auto, min_samples_leaf=2, min_samples_split=5, n_estimators=166; total time=   1.3s
[CV 43/60] END bootstrap=True, max_depth=None, max_features=auto, min_samples_leaf=2, min_samples_split=5, n_estimators=166; total time=   1.2s
[CV 59/60] END bootstrap=True, max_depth=None, max_features=auto, min_samples_leaf=2, min_samples_split=5, n_estimators=166; total time=   1.1s
[CV 26/60] END bootstrap=False, max_depth=100, max_features=auto, min_samples_leaf=1, min_samples_split=10, n_estimators=243; total time=   1.9s
[CV 4/60] END bootstrap=False, max_depth=None, max_features=auto, min_samples_leaf=1, min_samples_split=5, n_estimators=1046; total time=   9.2s
[CV 49/60] END bootstrap=False, max_depth=None, max_features=auto, min_samples_leaf=1, min_samples_split=5, n_estimators=1046; total time=   8.5s
[CV 31/60] END bootstrap=True, max_depth=20, max_features=auto, min_samples_leaf=4, min_samples_split=2, n_estimators=702; total time=   4.5s
[CV 7/60] END bootstrap=False, max_depth=80, max_features=auto, min_samples_leaf=4, min_samples_split=2, n_estimators=1008; total time=   7.6s
[CV 45/60] END bootstrap=False, max_depth=80, max_features=auto, min_samples_leaf=4, min_samples_split=2, n_estimators=1008; total time=   7.2s
[CV 3/60] END bootstrap=True, max_depth=40, max_features=auto, min_samples_leaf=1, min_samples_split=5, n_estimators=855; total time=   3.4s
[CV 7/60] END bootstrap=False, max_depth=80, max_features=auto, min_samples_leaf=4, min_samples_split=10, n_estimators=855; total time=   3.4s
[CV 45/60] END bootstrap=False, max_depth=80, max_features=auto, min_samples_leaf=4, min_samples_split=10, n_estimators=855; total time=   3.0s
[CV 19/60] END bootstrap=False, max_depth=80, max_features=auto, min_samples_leaf=2, min_samples_split=2, n_estimators=319; total time=   1.3s
[CV 41/60] END bootstrap=False, max_depth=80, max_features=auto, min_samples_leaf=2, min_samples_split=2, n_estimators=319; total time=   1.5s
[CV 27/60] END bootstrap=False, max_depth=80, max_features=auto, min_samples_leaf=1, min_samples_split=10, n_estimators=128; total time=   0.5s
[CV 53/60] END bootstrap=False, max_depth=80, max_features=auto, min_samples_leaf=1, min_samples_split=10, n_estimators=128; total time=   0.4s
[CV 25/60] END bootstrap=False, max_depth=20, max_features=auto, min_samples_leaf=4, min_samples_split=10, n_estimators=932; total time=   4.1s
[CV 49/60] END bootstrap=False, max_depth=20, max_features=auto, min_samples_leaf=4, min_samples_split=10, n_estimators=932; total time=   7.2s
[CV 31/60] END bootstrap=False, max_depth=100, max_features=auto, min_samples_leaf=1, min_samples_split=10, n_estimators=243; total time=   2.1s
[CV 12/60] END bootstrap=False, max_depth=None, max_features=auto, min_samples_leaf=1, min_samples_split=5, n_estimators=1046; total time=   9.0s
[CV 52/60] END bootstrap=False, max_depth=None, max_features=auto, min_samples_leaf=1, min_samples_split=5, n_estimators=1046; total time=   9.1s
[CV 43/60] END bootstrap=True, max_depth=20, max_features=auto, min_samples_leaf=4, min_samples_split=2, n_estimators=702; total time=   4.5s
[CV 18/60] END bootstrap=False, max_depth=80, max_features=auto, min_samples_leaf=4, min_samples_split=2, n_estimators=1008; total time=   7.8s
[CV 59/60] END bootstrap=False, max_depth=80, max_features=auto, min_samples_leaf=4, min_samples_split=2, n_estimators=1008; total time=   6.3s
[CV 4/60] END bootstrap=True, max_depth=40, max_features=auto, min_samples_leaf=1, min_samples_split=5, n_estimators=855; total time=   3.8s
[CV 10/60] END bootstrap=False, max_depth=80, max_features=auto, min_samples_leaf=4, min_samples_split=10, n_estimators=855; total time=   3.0s
[CV 44/60] END bootstrap=False, max_depth=80, max_features=auto, min_samples_leaf=4, min_samples_split=10, n_estimators=855; total time=   3.1s
[CV 20/60] END bootstrap=False, max_depth=80, max_features=auto, min_samples_leaf=2, min_samples_split=2, n_estimators=319; total time=   1.6s
[CV 46/60] END bootstrap=False, max_depth=80, max_features=auto, min_samples_leaf=2, min_samples_split=2, n_estimators=319; total time=   1.3s
[CV 31/60] END bootstrap=False, max_depth=80, max_features=auto, min_samples_leaf=1, min_samples_split=10, n_estimators=128; total time=   0.6s
[CV 2/60] END bootstrap=False, max_depth=20, max_features=auto, min_samples_leaf=4, min_samples_split=10, n_estimators=932; total time=   4.1s
[CV 45/60] END bootstrap=False, max_depth=20, max_features=auto, min_samples_leaf=4, min_samples_split=10, n_estimators=932; total time=   7.1s
[CV 25/60] END bootstrap=False, max_depth=100, max_features=auto, min_samples_leaf=1, min_samples_split=10, n_estimators=243; total time=   2.0s
[CV 5/60] END bootstrap=False, max_depth=None, max_features=auto, min_samples_leaf=1, min_samples_split=5, n_estimators=1046; total time=   9.1s
[CV 45/60] END bootstrap=False, max_depth=None, max_features=auto, min_samples_leaf=1, min_samples_split=5, n_estimators=1046; total time=   9.1s
[CV 38/60] END bootstrap=True, max_depth=20, max_features=auto, min_samples_leaf=4, min_samples_split=2, n_estimators=702; total time=   4.6s
[CV 14/60] END bootstrap=False, max_depth=80, max_features=auto, min_samples_leaf=4, min_samples_split=2, n_estimators=1008; total time=   7.6s
[CV 51/60] END bootstrap=False, max_depth=80, max_features=auto, min_samples_leaf=4, min_samples_split=2, n_estimators=1008; total time=   6.8s
[CV 13/60] END bootstrap=True, max_depth=40, max_features=auto, min_samples_leaf=1, min_samples_split=5, n_estimators=855; total time=   3.3s
[CV 3/60] END bootstrap=False, max_depth=80, max_features=auto, min_samples_leaf=4, min_samples_split=10, n_estimators=855; total time=   3.3s
[CV 42/60] END bootstrap=False, max_depth=80, max_features=auto, min_samples_leaf=4, min_samples_split=10, n_estimators=855; total time=   2.9s
[CV 12/60] END bootstrap=False, max_depth=80, max_features=auto, min_samples_leaf=2, min_samples_split=2, n_estimators=319; total time=   1.3s
[CV 36/60] END bootstrap=False, max_depth=80, max_features=auto, min_samples_leaf=2, min_samples_split=2, n_estimators=319; total time=   1.3s
[CV 8/60] END bootstrap=False, max_depth=80, max_features=auto, min_samples_leaf=1, min_samples_split=10, n_estimators=128; total time=   0.5s
[CV 24/60] END bootstrap=False, max_depth=80, max_features=auto, min_samples_leaf=1, min_samples_split=10, n_estimators=128; total time=   0.5s
[CV 48/60] END bootstrap=False, max_depth=80, max_features=auto, min_samples_leaf=1, min_samples_split=10, n_estimators=128; total time=   0.5s
[CV 23/60] END bootstrap=False, max_depth=20, max_features=auto, min_samples_leaf=4, min_samples_split=10, n_estimators=932; total time=   5.2s
[CV 7/60] END bootstrap=True, max_depth=None, max_features=auto, min_samples_leaf=2, min_samples_split=5, n_estimators=166; total time=   0.7s
[CV 13/60] END bootstrap=True, max_depth=None, max_features=auto, min_samples_leaf=2, min_samples_split=5, n_estimators=166; total time=   0.7s
[CV 23/60] END bootstrap=True, max_depth=None, max_features=auto, min_samples_leaf=2, min_samples_split=5, n_estimators=166; total time=   1.1s
[CV 32/60] END bootstrap=True, max_depth=None, max_features=auto, min_samples_leaf=2, min_samples_split=5, n_estimators=166; total time=   1.1s
[CV 45/60] END bootstrap=True, max_depth=None, max_features=auto, min_samples_leaf=2, min_samples_split=5, n_estimators=166; total time=   1.1s
[CV 1/60] END bootstrap=False, max_depth=100, max_features=auto, min_samples_leaf=1, min_samples_split=10, n_estimators=243; total time=   2.1s
[CV 42/60] END bootstrap=False, max_depth=100, max_features=auto, min_samples_leaf=1, min_samples_split=10, n_estimators=243; total time=   2.2s
[CV 27/60] END bootstrap=False, max_depth=None, max_features=auto, min_samples_leaf=1, min_samples_split=5, n_estimators=1046; total time=   9.0s
[CV 1/60] END bootstrap=True, max_depth=20, max_features=auto, min_samples_leaf=4, min_samples_split=2, n_estimators=702; total time=   4.3s
[CV 16/60] END bootstrap=True, max_depth=20, max_features=auto, min_samples_leaf=4, min_samples_split=2, n_estimators=702; total time=   4.5s
[CV 50/60] END bootstrap=True, max_depth=20, max_features=auto, min_samples_leaf=4, min_samples_split=2, n_estimators=702; total time=   4.5s
[CV 24/60] END bootstrap=False, max_depth=80, max_features=auto, min_samples_leaf=4, min_samples_split=2, n_estimators=1008; total time=   7.3s
[CV 57/60] END bootstrap=False, max_depth=80, max_features=auto, min_samples_leaf=4, min_samples_split=2, n_estimators=1008; total time=   6.4s
[CV 30/60] END bootstrap=True, max_depth=40, max_features=auto, min_samples_leaf=1, min_samples_split=5, n_estimators=855; total time=   3.0s
[CV 41/60] END bootstrap=True, max_depth=40, max_features=auto, min_samples_leaf=1, min_samples_split=5, n_estimators=855; total time=   2.9s
[CV 16/60] END bootstrap=False, max_depth=80, max_features=auto, min_samples_leaf=4, min_samples_split=10, n_estimators=855; total time=   3.0s
[CV 53/60] END bootstrap=False, max_depth=80, max_features=auto, min_samples_leaf=4, min_samples_split=10, n_estimators=855; total time=   3.1s
[CV 60/60] END bootstrap=False, max_depth=80, max_features=auto, min_samples_leaf=2, min_samples_split=2, n_estimators=319; total time=   1.9s
[CV 36/60] END bootstrap=False, max_depth=20, max_features=auto, min_samples_leaf=4, min_samples_split=10, n_estimators=932; total time=   5.7s
[CV 15/60] END bootstrap=True, max_depth=None, max_features=auto, min_samples_leaf=2, min_samples_split=5, n_estimators=166; total time=   1.1s
[CV 25/60] END bootstrap=True, max_depth=None, max_features=auto, min_samples_leaf=2, min_samples_split=5, n_estimators=166; total time=   1.1s
[CV 36/60] END bootstrap=True, max_depth=None, max_features=auto, min_samples_leaf=2, min_samples_split=5, n_estimators=166; total time=   1.2s
[CV 53/60] END bootstrap=True, max_depth=None, max_features=auto, min_samples_leaf=2, min_samples_split=5, n_estimators=166; total time=   1.0s
[CV 13/60] END bootstrap=False, max_depth=100, max_features=auto, min_samples_leaf=1, min_samples_split=10, n_estimators=243; total time=   1.8s
[CV 48/60] END bootstrap=False, max_depth=100, max_features=auto, min_samples_leaf=1, min_samples_split=10, n_estimators=243; total time=   1.8s
[CV 23/60] END bootstrap=False, max_depth=None, max_features=auto, min_samples_leaf=1, min_samples_split=5, n_estimators=1046; total time=   7.5s
[CV 41/60] END bootstrap=False, max_depth=None, max_features=auto, min_samples_leaf=1, min_samples_split=5, n_estimators=1046; total time=   9.1s
[CV 32/60] END bootstrap=True, max_depth=20, max_features=auto, min_samples_leaf=4, min_samples_split=2, n_estimators=702; total time=   4.6s
[CV 8/60] END bootstrap=False, max_depth=80, max_features=auto, min_samples_leaf=4, min_samples_split=2, n_estimators=1008; total time=   8.0s
[CV 49/60] END bootstrap=False, max_depth=80, max_features=auto, min_samples_leaf=4, min_samples_split=2, n_estimators=1008; total time=   7.0s
[CV 35/60] END bootstrap=True, max_depth=40, max_features=auto, min_samples_leaf=1, min_samples_split=5, n_estimators=855; total time=   3.0s
[CV 9/60] END bootstrap=False, max_depth=80, max_features=auto, min_samples_leaf=4, min_samples_split=10, n_estimators=855; total time=   2.9s
[CV 43/60] END bootstrap=False, max_depth=80, max_features=auto, min_samples_leaf=4, min_samples_split=10, n_estimators=855; total time=   3.0s
[CV 14/60] END bootstrap=False, max_depth=80, max_features=auto, min_samples_leaf=2, min_samples_split=2, n_estimators=319; total time=   1.3s
[CV 38/60] END bootstrap=False, max_depth=80, max_features=auto, min_samples_leaf=2, min_samples_split=2, n_estimators=319; total time=   1.3s
[CV 9/60] END bootstrap=False, max_depth=80, max_features=auto, min_samples_leaf=1, min_samples_split=10, n_estimators=128; total time=   0.5s
[CV 28/60] END bootstrap=False, max_depth=80, max_features=auto, min_samples_leaf=1, min_samples_split=10, n_estimators=128; total time=   0.5s
[CV 51/60] END bootstrap=False, max_depth=80, max_features=auto, min_samples_leaf=1, min_samples_split=10, n_estimators=128; total time=   0.4s
[CV 24/60] END bootstrap=False, max_depth=20, max_features=auto, min_samples_leaf=4, min_samples_split=10, n_estimators=932; total time=   4.3s
[CV 53/60] END bootstrap=False, max_depth=20, max_features=auto, min_samples_leaf=4, min_samples_split=10, n_estimators=932; total time=   7.1s
[CV 32/60] END bootstrap=False, max_depth=100, max_features=auto, min_samples_leaf=1, min_samples_split=10, n_estimators=243; total time=   1.7s
[CV 6/60] END bootstrap=False, max_depth=None, max_features=auto, min_samples_leaf=1, min_samples_split=5, n_estimators=1046; total time=   8.7s
[CV 43/60] END bootstrap=False, max_depth=None, max_features=auto, min_samples_leaf=1, min_samples_split=5, n_estimators=1046; total time=   9.7s
[CV 42/60] END bootstrap=True, max_depth=20, max_features=auto, min_samples_leaf=4, min_samples_split=2, n_estimators=702; total time=   4.7s
[CV 20/60] END bootstrap=False, max_depth=80, max_features=auto, min_samples_leaf=4, min_samples_split=2, n_estimators=1008; total time=   7.6s
[CV 58/60] END bootstrap=False, max_depth=80, max_features=auto, min_samples_leaf=4, min_samples_split=2, n_estimators=1008; total time=   6.6s
